Error content:sql('mysql','select value from history',1,1)
Error content:sql('mysql','select value from history',1,1)
Error content:sql('mysql','select value from history',1,1)
Error content:sql('mysql','select value from history',1,1)
Error content:sql('mysql','select value from history',1,1)
Error content:sql('mysql','select value from history',1,1)
Error content:sql('mysql','select value from history',1,1)
Error content:sql('mysql','select value from history',1,1)
Error content:sql('mysql','select value from history',1,1)
com.itrus.pdf.exception.ItrusSignerPdfException: /Users/lq/Documents/SignPDF/out/production/SignPDF/License.txt
	at com.itrus.pdf.impl.SignImpl.init(SignImpl.java:135)
	at com.fr.sam.SignedPDFExporter.export(SignedPDFExporter.java:80)
	at com.fr.io.exporter.PDFExporter.export(Unknown Source)
	at com.fr.sam.SignedPDFExporterService.doGet(SignedPDFExporterService.java:58)
	at javax.servlet.http.HttpServlet.service(HttpServlet.java:596)
	at javax.servlet.http.HttpServlet.service(HttpServlet.java:689)
	at org.mortbay.jetty.servlet.ServletHolder.handle(ServletHolder.java:428)
	at org.mortbay.jetty.servlet.WebApplicationHandler.dispatch(WebApplicationHandler.java:473)
	at org.mortbay.jetty.servlet.ServletHandler.handle(ServletHandler.java:568)
	at org.mortbay.http.HttpContext.handle(HttpContext.java:1530)
	at org.mortbay.jetty.servlet.WebApplicationContext.handle(WebApplicationContext.java:633)
	at org.mortbay.http.HttpContext.handle(HttpContext.java:1482)
	at org.mortbay.http.HttpServer.service(HttpServer.java:909)
	at org.mortbay.http.HttpConnection.service(HttpConnection.java:820)
	at org.mortbay.http.HttpConnection.handleNext(HttpConnection.java:986)
	at org.mortbay.http.HttpConnection.handle(HttpConnection.java:837)
	at org.mortbay.http.SocketListener.handleConnection(SocketListener.java:245)
	at org.mortbay.util.ThreadedServer.handle(ThreadedServer.java:357)
	at org.mortbay.util.ThreadPool$PoolThread.run(ThreadPool.java:534)
Error content:sql('mysql','select value from history',1,1)
Error content:sql('mysql','select value from history',1,1)
Error content:sql('mysql','select value from history',1,1)
Error content:sql('mysql','select value from history',1,1)
Error content:sql('mysql','select value from history',1,1)
Error content:sql('mysql','select value from history',1,1)
com.itrus.pdf.exception.ItrusSignerPdfException: /SignPdf.xml (No such file or directory) Nested exception: /SignPdf.xml (No such file or directory)
	at com.itrus.pdf.impl.SignImpl.init(SignImpl.java:135)
	at com.fr.sam.SignedPDFExporter.export(SignedPDFExporter.java:81)
	at com.fr.io.exporter.PDFExporter.export(Unknown Source)
	at com.fr.sam.SignedPDFExporterService.doGet(SignedPDFExporterService.java:58)
	at javax.servlet.http.HttpServlet.service(HttpServlet.java:596)
	at javax.servlet.http.HttpServlet.service(HttpServlet.java:689)
	at org.mortbay.jetty.servlet.ServletHolder.handle(ServletHolder.java:428)
	at org.mortbay.jetty.servlet.WebApplicationHandler.dispatch(WebApplicationHandler.java:473)
	at org.mortbay.jetty.servlet.ServletHandler.handle(ServletHandler.java:568)
	at org.mortbay.http.HttpContext.handle(HttpContext.java:1530)
	at org.mortbay.jetty.servlet.WebApplicationContext.handle(WebApplicationContext.java:633)
	at org.mortbay.http.HttpContext.handle(HttpContext.java:1482)
	at org.mortbay.http.HttpServer.service(HttpServer.java:909)
	at org.mortbay.http.HttpConnection.service(HttpConnection.java:820)
	at org.mortbay.http.HttpConnection.handleNext(HttpConnection.java:986)
	at org.mortbay.http.HttpConnection.handle(HttpConnection.java:837)
	at org.mortbay.http.SocketListener.handleConnection(SocketListener.java:245)
	at org.mortbay.util.ThreadedServer.handle(ThreadedServer.java:357)
	at org.mortbay.util.ThreadPool$PoolThread.run(ThreadPool.java:534)
Error content:sql('mysql','select value from history',1,1)
Error content:sql('mysql','select value from history',1,1)
